{
  "watch": {
    "isArmed": false,
    "branch": "develop",
    "commitSha": "",
    "triggerMode": "failed-or-incident-marker",
    "keepArmedUntilSuccess": true,
    "armedAtUtc": "2026-04-16T16:05:46.62631Z",
    "projectId": "4"
  },
  "processedPipelineIds": [
    5268,
    5269,
    5270,
    5276,
    5275,
    5277,
    5278,
    5279,
    5286,
    5292,
    5293,
    5311,
    5314,
    5313,
    5312,
    5316,
    5317,
    5318,
    5319,
    5320,
    5322,
    5321,
    5359
  ],
  "processedJobIds": [
    10926,
    10929,
    10932,
    10950,
    10947,
    10953,
    10957,
    10960,
    10976,
    10992,
    10995,
    11033,
    11042,
    11039,
    11036,
    11047,
    11050,
    11053,
    11056,
    11059,
    11065,
    11062,
    11191
  ]
}
exit_code=0
